TN:
SF:/home/scippio/projects/api-getresponse/src/api/GetResponse.js
FN:7,(anonymous_1)
FN:13,(anonymous_2)
FN:17,(anonymous_3)
FN:52,(anonymous_4)
FN:67,(anonymous_5)
FN:100,(anonymous_6)
FN:108,(anonymous_7)
FN:121,(anonymous_8)
FNF:8
FNH:8
FNDA:6,(anonymous_1)
FNDA:6,(anonymous_2)
FNDA:2,(anonymous_3)
FNDA:2,(anonymous_4)
FNDA:1,(anonymous_5)
FNDA:1,(anonymous_6)
FNDA:39,(anonymous_7)
FNDA:6,(anonymous_8)
DA:2,1
DA:3,1
DA:4,1
DA:5,1
DA:8,6
DA:9,6
DA:10,6
DA:11,6
DA:14,6
DA:15,6
DA:18,2
DA:22,2
DA:23,2
DA:24,2
DA:25,2
DA:26,2
DA:27,1
DA:28,2
DA:29,2
DA:30,2
DA:31,4
DA:32,4
DA:39,2
DA:44,1
DA:46,1
DA:48,1
DA:49,0
DA:53,2
DA:62,2
DA:63,1
DA:64,1
DA:68,1
DA:69,1
DA:70,1
DA:71,1
DA:72,1
DA:73,1
DA:74,0
DA:75,1
DA:76,1
DA:77,1
DA:78,0
DA:79,1
DA:80,0
DA:81,1
DA:82,1
DA:83,1
DA:84,2
DA:85,2
DA:92,1
DA:97,1
DA:101,1
DA:105,1
DA:109,39
DA:110,9
DA:111,9
DA:112,12
DA:113,12
DA:115,9
DA:117,30
DA:118,4
DA:119,26
DA:122,6
DA:130,6
DA:131,6
DA:133,2
DA:134,1
DA:135,2
DA:137,2
DA:138,1
DA:139,2
DA:141,0
DA:142,1
DA:143,0
DA:148,2
DA:154,6
DA:156,3
DA:157,1
DA:158,3
DA:160,3
DA:161,1
DA:162,3
DA:164,1
DA:165,1
DA:166,1
DA:171,2
DA:177,6
DA:179,1
DA:180,1
DA:181,1
DA:183,1
DA:184,1
DA:185,1
DA:187,0
DA:188,1
DA:189,0
DA:193,1
DA:201,1
LF:98
LH:90
BRDA:20,1,0,2
BRDA:20,1,1,2
BRDA:22,2,0,2
BRDA:22,2,1,0
BRDA:24,3,0,2
BRDA:24,3,1,0
BRDA:26,4,0,1
BRDA:26,4,1,1
BRDA:28,5,0,2
BRDA:28,5,1,0
BRDA:31,6,0,4
BRDA:31,6,1,0
BRDA:31,7,0,4
BRDA:31,7,1,4
BRDA:46,8,0,1
BRDA:46,8,1,0
BRDA:46,9,0,1
BRDA:46,9,1,0
BRDA:46,9,2,0
BRDA:62,10,0,1
BRDA:62,10,1,1
BRDA:62,11,0,2
BRDA:62,11,1,2
BRDA:69,12,0,1
BRDA:69,12,1,0
BRDA:71,13,0,1
BRDA:71,13,1,0
BRDA:73,14,0,0
BRDA:73,14,1,1
BRDA:75,15,0,1
BRDA:75,15,1,0
BRDA:77,16,0,0
BRDA:77,16,1,1
BRDA:79,17,0,0
BRDA:79,17,1,1
BRDA:81,18,0,1
BRDA:81,18,1,0
BRDA:84,19,0,2
BRDA:84,19,1,0
BRDA:84,20,0,2
BRDA:84,20,1,2
BRDA:109,21,0,9
BRDA:109,21,1,30
BRDA:112,22,0,12
BRDA:112,22,1,0
BRDA:117,23,0,4
BRDA:117,23,1,26
BRDA:117,24,0,30
BRDA:117,24,1,26
BRDA:117,24,2,26
BRDA:131,25,0,2
BRDA:131,25,1,4
BRDA:133,26,0,0
BRDA:133,26,1,2
BRDA:137,27,0,0
BRDA:137,27,1,2
BRDA:139,28,0,0
BRDA:139,28,1,2
BRDA:141,29,0,0
BRDA:141,29,1,0
BRDA:154,30,0,3
BRDA:154,30,1,3
BRDA:156,31,0,0
BRDA:156,31,1,3
BRDA:160,32,0,0
BRDA:160,32,1,3
BRDA:162,33,0,1
BRDA:162,33,1,2
BRDA:164,34,0,0
BRDA:164,34,1,1
BRDA:177,35,0,1
BRDA:177,35,1,5
BRDA:179,36,0,0
BRDA:179,36,1,1
BRDA:183,37,0,0
BRDA:183,37,1,1
BRDA:185,38,0,0
BRDA:185,38,1,1
BRDA:187,39,0,0
BRDA:187,39,1,0
BRF:80
BRH:60
end_of_record
