TN:
SF:/home/scippio/projects/api-getresponse/src/api/GetResponse.js
FN:7,(anonymous_1)
FN:13,(anonymous_2)
FN:17,(anonymous_3)
FN:49,(anonymous_4)
FN:64,(anonymous_5)
FN:95,(anonymous_6)
FN:103,(anonymous_7)
FN:108,(anonymous_8)
FNF:8
FNH:8
FNDA:6,(anonymous_1)
FNDA:6,(anonymous_2)
FNDA:2,(anonymous_3)
FNDA:2,(anonymous_4)
FNDA:1,(anonymous_5)
FNDA:1,(anonymous_6)
FNDA:15,(anonymous_7)
FNDA:6,(anonymous_8)
DA:2,1
DA:3,1
DA:4,1
DA:5,1
DA:8,6
DA:9,6
DA:10,6
DA:11,6
DA:14,6
DA:15,6
DA:18,2
DA:22,2
DA:23,2
DA:24,2
DA:25,2
DA:26,2
DA:27,1
DA:28,2
DA:29,2
DA:30,2
DA:31,4
DA:37,2
DA:42,1
DA:44,1
DA:45,1
DA:46,0
DA:50,2
DA:59,2
DA:60,1
DA:61,1
DA:65,1
DA:66,1
DA:67,1
DA:68,1
DA:69,1
DA:70,1
DA:71,0
DA:72,1
DA:73,1
DA:74,1
DA:75,0
DA:76,1
DA:77,0
DA:78,1
DA:79,1
DA:80,1
DA:81,2
DA:87,1
DA:92,1
DA:96,1
DA:100,1
DA:104,15
DA:105,4
DA:106,11
DA:109,6
DA:117,6
DA:118,6
DA:120,2
DA:121,1
DA:122,2
DA:124,2
DA:125,1
DA:126,2
DA:128,0
DA:129,1
DA:130,0
DA:135,2
DA:141,6
DA:143,3
DA:144,1
DA:145,3
DA:147,3
DA:148,1
DA:149,3
DA:151,1
DA:152,1
DA:153,1
DA:158,2
DA:164,6
DA:166,1
DA:167,1
DA:168,1
DA:170,1
DA:171,1
DA:172,1
DA:174,0
DA:175,1
DA:176,0
DA:180,1
DA:188,1
LF:90
LH:82
BRDA:20,1,0,2
BRDA:20,1,1,2
BRDA:22,2,0,2
BRDA:22,2,1,0
BRDA:24,3,0,2
BRDA:24,3,1,0
BRDA:26,4,0,1
BRDA:26,4,1,1
BRDA:28,5,0,2
BRDA:28,5,1,0
BRDA:44,6,0,1
BRDA:44,6,1,0
BRDA:59,7,0,1
BRDA:59,7,1,1
BRDA:59,8,0,2
BRDA:59,8,1,2
BRDA:66,9,0,1
BRDA:66,9,1,0
BRDA:68,10,0,1
BRDA:68,10,1,0
BRDA:70,11,0,0
BRDA:70,11,1,1
BRDA:72,12,0,1
BRDA:72,12,1,0
BRDA:74,13,0,0
BRDA:74,13,1,1
BRDA:76,14,0,0
BRDA:76,14,1,1
BRDA:78,15,0,1
BRDA:78,15,1,0
BRDA:104,16,0,4
BRDA:104,16,1,11
BRDA:104,17,0,15
BRDA:104,17,1,11
BRDA:104,17,2,11
BRDA:118,18,0,2
BRDA:118,18,1,4
BRDA:120,19,0,0
BRDA:120,19,1,2
BRDA:124,20,0,0
BRDA:124,20,1,2
BRDA:126,21,0,0
BRDA:126,21,1,2
BRDA:128,22,0,0
BRDA:128,22,1,0
BRDA:141,23,0,3
BRDA:141,23,1,3
BRDA:143,24,0,0
BRDA:143,24,1,3
BRDA:147,25,0,0
BRDA:147,25,1,3
BRDA:149,26,0,1
BRDA:149,26,1,2
BRDA:151,27,0,0
BRDA:151,27,1,1
BRDA:164,28,0,1
BRDA:164,28,1,5
BRDA:166,29,0,0
BRDA:166,29,1,1
BRDA:170,30,0,0
BRDA:170,30,1,1
BRDA:172,31,0,0
BRDA:172,31,1,1
BRDA:174,32,0,0
BRDA:174,32,1,0
BRF:65
BRH:50
end_of_record
